2024-11-21 17:58:57,161 - INFO - [步骤0] 提取文本中的摘要和关键词: {"summary":"传统与协作式 OA 系统在功能、用户体验方面有明显区别","keywords":[["OA 系统"],["传统"],["协作式"],["功能"],["用户体验"]]}
2024-11-21 17:59:16,844 - INFO - [步骤1] 文本中提取所有实体: [['办公自动化（OA）系统', '系统'], ['传统 OA 系统', '系统'], ['协作式 OA 系统', '系统'], ['文档处理', '功能'], ['电子邮件', '功能'], ['日程安排', '功能'], ['即时通讯', '功能'], ['项目管理', '功能'], ['在线协作编辑', '功能'], ['视频会议', '功能'], ['用户体验', '功能'], ['界面设计', '功能'], ['移动设备', '设备']]
2024-11-21 17:59:20,593 - INFO - [步骤2] 对实体进行总结: [['OA 系统', '系统', '包括传统 OA 系统和协作式 OA 系统，具有文档处理、电子邮件、日程安排、即时通讯、项目管理、在线协作编辑、视频会议等功能，注重用户体验和界面设计，可适配移动设备'], ['移动设备', '设备', '可用于 OA 系统']]
2024-11-21 17:59:21,383 - INFO - [步骤3] 根据实体构建基础实体图: [["OA 系统", "使用", "移动设备"]]
2024-11-21 17:59:22,421 - INFO - [步骤4] 对实体进行去重和清洗: [["OA 系统", "软件"], ["移动设备", "硬件"]]
2024-11-21 17:59:23,797 - INFO - [步骤5] 根据实体生成图节点描述: [["node1", "OA 系统"], ["node2", "移动设备"]]
2024-11-21 17:59:30,039 - INFO - [步骤6] 根据实体之间的关系生成知识图谱: {
    "nodes": [
        ["node1", "OA 系统", "系统", "包括传统 OA 系统和协作式 OA 系统，具有文档处理、电子邮件、日程安排、即时通讯、项目管理、在线协作编辑、视频会议等功能，注重用户体验和界面设计，可适配移动设备"],
        ["node2", "移动设备", "设备", "可用于 OA 系统"]
    ],
    "edges": [
        ["node1", "node2", "使用"]
    ]
}
2024-11-21 18:00:09,215 - INFO - [步骤0] 提取文本中的摘要和关键词: {"summary":"传统与协作式 OA 系统在功能、用户体验方面有明显区别","keywords":[["OA 系统"],["传统"],["协作式"],["功能"],["用户体验"]]}
2024-11-21 18:00:14,565 - INFO - [步骤1] 文本中提取所有实体: [["办公自动化（OA）系统", "系统"], ["传统 OA 系统", "系统"], ["协作式 OA 系统", "系统"], ["文档处理", "功能"], ["电子邮件", "功能"], ["日程安排", "功能"], ["即时通讯", "功能"], ["项目管理", "功能"], ["在线协作编辑", "功能"], ["视频会议", "功能"], ["用户体验", "功能"], ["界面设计", "功能"], ["移动设备", "设备"]]
2024-11-21 18:00:32,350 - INFO - [步骤2] 对实体进行总结: [
["OA 系统", "系统", "包含文档处理、电子邮件、日程安排、即时通讯、项目管理、在线协作编辑、视频会议等功能，具有不同类型如传统 OA 系统、协作式 OA 系统，注重用户体验和界面设计，可适配移动设备"],
["文档处理", "功能", "对文档进行处理"],
["电子邮件", "功能", "邮件收发功能"],
["日程安排", "功能", "日程的规划和管理"],
["即时通讯", "功能", "实时通讯交流"],
["项目管理", "功能", "项目的规划、执行等管理"],
["在线协作编辑", "功能", "多人在线对文档等进行协作编辑"],
["视频会议", "功能", "视频会议功能"],
["用户体验", "功能", "系统的使用感受"],
["界面设计", "功能", "系统界面的设计"],
["移动设备", "设备", "OA 系统可适配的设备"]
]
2024-11-21 18:00:39,086 - INFO - [步骤3] 根据实体构建基础实体图: [
["OA 系统", "包含", "文档处理"],
["OA 系统", "包含", "电子邮件"],
["OA 系统", "包含", "日程安排"],
["OA 系统", "包含", "即时通讯"],
["OA 系统", "包含", "项目管理"],
["OA 系统", "包含", "在线协作编辑"],
["OA 系统", "包含", "视频会议"],
["OA 系统", "注重", "用户体验"],
["OA 系统", "注重", "界面设计"],
["OA 系统", "适配", "移动设备"]
]
2024-11-21 18:00:40,871 - INFO - [步骤4] 对实体进行去重和清洗: [["OA 系统", "功能"], ["用户体验", "要点"], ["界面设计", "要点"], ["移动设备", "适配对象"]]
2024-11-21 18:00:42,672 - INFO - [步骤5] 根据实体生成图节点描述: [["node1", "OA 系统"], ["node2", "用户体验"], ["node3", "界面设计"], ["node4", "移动设备"]]
2024-11-21 18:00:51,794 - INFO - [步骤6] 根据实体之间的关系生成知识图谱: {
    "nodes": [
        ["node1", "OA 系统", "系统", "包含文档处理、电子邮件、日程安排、即时通讯、项目管理、在线协作编辑、视频会议等功能，具有不同类型如传统 OA 系统、协作式 OA 系统，注重用户体验和界面设计，可适配移动设备"],
        ["node2", "用户体验", "功能", "系统的使用感受"],
        ["node3", "界面设计", "功能", "系统界面的设计"],
        ["node4", "移动设备", "设备", "OA 系统可适配的设备"]
    ],
    "edges": [
        ["node1", "node2", "注重"],
        ["node1", "node3", "注重"],
        ["node1", "node4", "适配"]
    ]
}
2024-11-21 18:02:25,695 - INFO - [步骤0] 提取文本中的摘要和关键词: {"summary": "比较传统 OA 系统与协作式 OA 系统的区别，包括功能范围和用户体验方面，前者功能单一，后者集成更多功能且注重用户体验", "keywords": [["OA 系统"], ["传统"], ["协作式"], ["功能"], ["用户体验"]]}
2024-11-21 18:02:29,600 - INFO - [步骤1] 文本中提取所有实体: [['办公自动化（OA）系统', '系统'], ['传统 OA 系统', '系统'], ['协作式 OA 系统', '系统'], ['文档处理', '功能'], ['电子邮件', '功能'], ['日程安排', '功能'], ['即时通讯', '功能'], ['项目管理', '功能'], ['在线协作编辑', '功能'], ['视频会议', '功能'], ['用户体验', '功能'], ['界面设计', '功能'], ['移动设备', '设备']]
2024-11-21 18:02:42,143 - INFO - [步骤2] 对实体进行总结: [['OA 系统', '系统', '包括传统 OA 系统和协作式 OA 系统，具有文档处理、电子邮件、日程安排、即时通讯、项目管理、在线协作编辑、视频会议等功能，注重用户体验和界面设计，可在移动设备上使用'], ['移动设备', '设备', '可用于 OA 系统']]
2024-11-21 18:03:05,860 - INFO - [步骤3] 根据实体构建基础实体图: [["OA 系统", "使用", "移动设备"], ["OA 系统", "包含", "传统 OA 系统"], ["OA 系统", "包含", "协作式 OA 系统"], ["OA 系统", "具有", "文档处理"], ["OA 系统", "具有", "电子邮件"], ["OA 系统", "具有", "日程安排"], ["OA 系统", "具有", "即时通讯"], ["OA 系统", "具有", "项目管理"], ["OA 系统", "具有", "在线协作编辑"], ["OA 系统", "具有", "视频会议"], ["OA 系统", "注重", "用户体验"], ["OA 系统", "注重", "界面设计"]]
2024-11-21 18:03:12,098 - INFO - [步骤4] 对实体进行去重和清洗: [["OA 系统", "系统"], ["移动设备", "设备"], ["传统 OA 系统", "系统"], ["协作式 OA 系统", "系统"], ["文档处理", "功能"], ["电子邮件", "功能"], ["日程安排", "功能"], ["即时通讯", "功能"], ["项目管理", "功能"], ["在线协作编辑", "功能"], ["视频会议", "功能"], ["用户体验", "方面"], ["界面设计", "方面"]]
2024-11-21 18:03:19,356 - INFO - [步骤5] 根据实体生成图节点描述: [['node1', 'OA 系统'], ['node2', '移动设备'], ['node3', '传统 OA 系统'], ['node4', '协作式 OA 系统'], ['node5', '文档处理'], ['node6', '电子邮件'], ['node7', '日程安排'], ['node8', '即时通讯'], ['node9', '项目管理'], ['node10', '在线协作编辑'], ['node11', '视频会议'], ['node12', '用户体验'], ['node13', '界面设计']]
2024-11-21 18:03:44,035 - INFO - [步骤6] 根据实体之间的关系生成知识图谱: {
    "nodes": [
        ["node1", "OA 系统", "系统", "包括传统 OA 系统和协作式 OA 系统，具有文档处理、电子邮件、日程安排、即时通讯、项目管理、在线协作编辑、视频会议等功能，注重用户体验和界面设计，可在移动设备上使用"],
        ["node2", "移动设备", "设备", "可用于 OA 系统"],
        ["node3", "传统 OA 系统", "系统", "是 OA 系统的一部分"],
        ["node4", "协作式 OA 系统", "系统", "是 OA 系统的一部分"],
        ["node5", "文档处理", "功能", "OA 系统具有的功能"],
        ["node6", "电子邮件", "功能", "OA 系统具有的功能"],
        ["node7", "日程安排", "功能", "OA 系统具有的功能"],
        ["node8", "即时通讯", "功能", "OA 系统具有的功能"],
        ["node9", "项目管理", "功能", "OA 系统具有的功能"],
        ["node10", "在线协作编辑", "功能", "OA 系统具有的功能"],
        ["node11", "视频会议", "功能", "OA 系统具有的功能"],
        ["node12", "用户体验", "特性", "OA 系统注重的特性"],
        ["node13", "界面设计", "特性", "OA 系统注重的特性"]
    ],
    "edges": [
        ["node1", "node2", "使用"],
        ["node1", "node3", "包含"],
        ["node1", "node4", "包含"],
        ["node1", "node5", "具有"],
        ["node1", "node6", "具有"],
        ["node1", "node7", "具有"],
        ["node1", "node8", "具有"],
        ["node1", "node9", "具有"],
        ["node1", "node10", "具有"],
        ["node1", "node11", "具有"],
        ["node1", "node12", "注重"],
        ["node1", "node13", "注重"]
    ]
}
